
Starting test: DownloadingMaliciousPayload

Starting test: DownloadingMaliciousPayload

Starting test: DownloadingMaliciousPayload

Starting test: DownloadingMaliciousPayload

Error: open /out1.exe: Access is denied.

Starting test: DownloadingMaliciousPayload

Error: open /out1.exe: Access is denied.

Starting test: DownloadingMaliciousPayload

Error1: open /out1.exe: Access is denied.

Starting test: DownloadingMaliciousPayload

Ending test: DownloadingMaliciousPayload

Starting test: DownloadingMaliciousPayload

Ending test: DownloadingMaliciousPayload

Starting test: DownloadingMaliciousPayload

Ending test: DownloadingMaliciousPayload

Starting test: DownloadingMaliciousPayload

Ending test: DownloadingMaliciousPayload

Starting test: DownloadingMaliciousPayload

Ending test: DownloadingMaliciousPayload

Starting test: DownloadingMaliciousPayload

Ending test: DownloadingMaliciousPayload

Starting test: DownloadingMaliciousPayload

Ending test: DownloadingMaliciousPayload

Starting test: DownloadingMaliciousPayload

Ending test: DownloadingMaliciousPayload

Starting test: DownloadingMaliciousPayload

Ending test: DownloadingMaliciousPayload

Starting test: DownloadingMaliciousPayload

Error: open out1.zip: Operation did not complete successfully because the file contains a virus or potentially unwanted software.

Starting test: DownloadingMaliciousPayload

Error: open out1.zip: Operation did not complete successfully because the file contains a virus or potentially unwanted software.

Starting test: DownloadingMaliciousPayload

Error: open out1.zip: Operation did not complete successfully because the file contains a virus or potentially unwanted software.

Starting test: DownloadingMaliciousPayload

Error: open C:/Users/achon/OneDrive/Desktop/diplomna1/RRA/MaliciousPayloadDownload/out1.zip: Operation did not complete successfully because the file contains a virus or potentially unwanted software.

Starting test: DownloadingMaliciousPayload

Error: open C:/Users/achon/OneDrive/Desktop/diplomna1/RRA/MaliciousPayloadDownload/out1.zip: Operation did not complete successfully because the file contains a virus or potentially unwanted software.

Starting test: DownloadingMaliciousPayload

Error: open C:/Users/achon/OneDrive/Desktop/diplomna1/RRA/MaliciousPayloadDownload/out1.zip: Operation did not complete successfully because the file contains a virus or potentially unwanted software.

Starting test: DownloadingMaliciousPayload

Error: open C:/Users/achon/OneDrive/Desktop/diplomna1/RRA/MaliciousPayloadDownload/out1.zip: Operation did not complete successfully because the file contains a virus or potentially unwanted software.

Starting test: DownloadingMaliciousPayload

Error: open C:/Users/achon/OneDrive/Desktop/diplomna1/RRA/MaliciousPayloadDownload/out1.zip: Operation did not complete successfully because the file contains a virus or potentially unwanted software.

Starting test: DownloadingMaliciousPayload

Error: open C:/Users/achon/OneDrive/Desktop/diplomna1/RRA/MaliciousPayloadDownload/out1.zip: Operation did not complete successfully because the file contains a virus or potentially unwanted software.

Starting test: DownloadingMaliciousPayload

Error: open C:/Users/achon/OneDrive/Desktop/diplomna1/RRA/MaliciousPayloadDownload/out1.zip: Operation did not complete successfully because the file contains a virus or potentially unwanted software.

Starting test: DownloadingMaliciousPayload

Error: open C:/Users/achon/OneDrive/Desktop/diplomna1/RRA/MaliciousPayloadDownload/out1.zip: Operation did not complete successfully because the file contains a virus or potentially unwanted software.
[ERROR]: Starting test: DownloadingMaliciousPayload AT 10 Jan 24 10:28 GMT
[ERROR]: open C:/Users/achon/OneDrive/Desktop/diplomna1/RRA/MaliciousPayloadDownload/out1.zip: Operation did not complete successfully because the file contains a virus or potentially unwanted software. AT 10 Jan 24 10:28 GMT
[ERROR]: Starting test: DownloadingMaliciousPayload AT 10 Jan 24 10:35 GMT
[ERROR]: open C:/Users/achon/OneDrive/Desktop/diplomna1/RRA/MaliciousPayloadDownload/out1.zip: Operation did not complete successfully because the file contains a virus or potentially unwanted software. AT 10 Jan 24 10:35 GMT
[ERROR]: Starting test: DownloadingMaliciousPayload AT 10 Jan 24 10:44 GMT
[ERROR]: open C:/Users/achon/OneDrive/Desktop/diplomna1/RRA/MaliciousPayloadDownload/out1.zip: Operation did not complete successfully because the file contains a virus or potentially unwanted software. AT 10 Jan 24 10:44 GMT
[ERROR]: Starting test: DownloadingMaliciousPayload AT 10 Jan 24 10:45 GMT
[ERROR]: open C:/Users/achon/OneDrive/Desktop/diplomna1/RRA/MaliciousPayloadDownload/out1.zip: Operation did not complete successfully because the file contains a virus or potentially unwanted software. AT 10 Jan 24 10:45 GMT
[ERROR]: Starting test: DownloadingMaliciousPayload AT 10 Jan 24 14:13 GMT
[ERROR]: open C:/Users/achon/OneDrive/Desktop/diplomna1/RRA/MaliciousPayloadDownload/out1.zip: Operation did not complete successfully because the file contains a virus or potentially unwanted software. AT 10 Jan 24 14:13 GMT
[ERROR]: Starting test: DownloadingMaliciousPayload AT 10 Jan 24 15:05 GMT
[ERROR]: open C:/Users/achon/OneDrive/Desktop/diplomna1/RRA/MaliciousPayloadDownload/out1.zip: Operation did not complete successfully because the file contains a virus or potentially unwanted software. AT 10 Jan 24 15:05 GMT
[ERROR]: Starting test: DownloadingMaliciousPayload AT 10 Jan 24 15:07 GMT
[ERROR]: open C:/Users/achon/OneDrive/Desktop/diplomna1/RRA/MaliciousPayloadDownload/out1.zip: Operation did not complete successfully because the file contains a virus or potentially unwanted software. AT 10 Jan 24 15:07 GMT
[ERROR]: Starting test: DownloadingMaliciousPayload AT 11 Jan 24 07:06 GMT
[ERROR]: open C:/Users/achon/OneDrive/Desktop/diplomna1/RRA/MaliciousPayloadDownload/out1.zip: Operation did not complete successfully because the file contains a virus or potentially unwanted software. AT 11 Jan 24 07:06 GMT
